\BOOKMARK [1][-]{section.1}{\376\377\000B\000e\000v\000e\000z\000e\000t\000\351\000s}{}% 1
\BOOKMARK [1][-]{section.2}{\376\377\000A\000d\000a\000t\000p\000r\000e\000p\000a\000c\000i\000\363}{}% 2
\BOOKMARK [2][-]{subsection.2.1}{\376\377\000A\000d\000a\000t\000o\000k\000\040\000j\000e\000l\000l\000e\000m\000z\000\351\000s\000e\000,\000\040\000a\000d\000a\000t\000t\000i\000s\000z\000t\000\355\000t\000\341\000s}{section.2}% 3
\BOOKMARK [1][-]{section.3}{\376\377\000F\000e\000l\000d\000e\000r\000\355\000t\001\121\000\040\000a\000d\000a\000t\000e\000l\000e\000m\000z\000\351\000s\000\040\000a\000\040\000k\000\351\000t\000\040\000\351\000v\000b\000e\000n}{}% 4
\BOOKMARK [2][-]{subsection.3.1}{\376\377\000\301\000l\000t\000a\000l\000\341\000n\000o\000s\000\040\000\341\000b\000r\000\341\000k}{section.3}% 5
\BOOKMARK [2][-]{subsection.3.2}{\376\377\000F\000o\000l\000y\000a\000m\000a\000t\000\341\000b\000r\000\341\000k\000\040\000\050\000S\000a\000n\000k\000e\000y\000-\000d\000i\000a\000g\000r\000a\000m\000o\000k\000\051}{section.3}% 6
\BOOKMARK [2][-]{subsection.3.3}{\376\377\000K\000l\000a\000s\000z\000t\000e\000r\000e\000z\000\351\000s}{section.3}% 7
\BOOKMARK [3][-]{subsubsection.3.3.1}{\376\377\000K\000-\000k\000\366\000z\000\351\000p\000\040\000a\000l\000g\000o\000r\000i\000t\000m\000u\000s\000\040\000m\001\161\000k\000\366\000d\000\351\000s\000e}{subsection.3.3}% 8
\BOOKMARK [3][-]{subsubsection.3.3.2}{\376\377\000D\000B\000S\000C\000A\000N\000\040\000a\000l\000g\000o\000r\000i\000t\000m\000u\000s\000\040\000m\001\161\000k\000\366\000d\000\351\000s\000e}{subsection.3.3}% 9
\BOOKMARK [3][-]{subsubsection.3.3.3}{\376\377\000W\000a\000r\000d\000-\000f\000\351\000l\000e\000\040\000h\000i\000e\000r\000a\000r\000c\000h\000i\000k\000u\000s\000\040\000k\000l\000a\000s\000z\000t\000e\000r\000e\000z\001\121\000\040\000a\000l\000g\000o\000r\000i\000t\000m\000u\000s\000\040\000m\001\161\000k\000\366\000d\000\351\000s\000e}{subsection.3.3}% 10
\BOOKMARK [3][-]{subsubsection.3.3.4}{\376\377\000K\000-\000k\000\366\000z\000\351\000p\000\040\000a\000l\000g\000o\000r\000i\000t\000m\000u\000s\000\040\000e\000r\000e\000d\000m\000\351\000n\000y\000e}{subsection.3.3}% 11
\BOOKMARK [3][-]{subsubsection.3.3.5}{\376\377\000D\000B\000S\000C\000A\000N\000\040\000e\000r\000e\000d\000m\000\351\000n\000y\000e}{subsection.3.3}% 12
\BOOKMARK [3][-]{subsubsection.3.3.6}{\376\377\000W\000a\000r\000d\000-\000f\000\351\000l\000e\000\040\000a\000l\000g\000o\000r\000i\000t\000m\000u\000s\000\040\000e\000r\000e\000d\000m\000\351\000n\000y\000e}{subsection.3.3}% 13
\BOOKMARK [1][-]{section.4}{\376\377\000K\000o\000n\000k\000l\000\372\000z\000i\000\363\000k\000\040\000a\000z\000\040\000a\000d\000a\000t\000e\000l\000e\000m\000z\000\351\000s\000b\001\121\000l}{}% 14
\BOOKMARK [1][-]{section.5}{\376\377\000P\000r\000e\000d\000i\000k\000t\000\355\000v\000\040\000a\000n\000a\000l\000i\000t\000i\000k\000a}{}% 15
\BOOKMARK [2][-]{subsection.5.1}{\376\377\000M\000o\000d\000e\000l\000l\000e\000k\000\040\000\351\000s\000\040\000m\000e\000t\000o\000d\000o\000l\000\363\000g\000i\000a}{section.5}% 16
\BOOKMARK [2][-]{subsection.5.2}{\376\377\000O\000s\000z\000t\000\341\000l\000y\000o\000z\000\363\000\040\000a\000l\000g\000o\000r\000i\000t\000m\000u\000s\000o\000k\000\040\000\351\000s\000\040\000o\000p\000t\000i\000m\000a\000l\000i\000z\000\341\000l\000\341\000s\000u\000k}{section.5}% 17
\BOOKMARK [3][-]{subsubsection.5.2.1}{\376\377\000L\000i\000n\000e\000\341\000r\000i\000s\000\040\000r\000e\000g\000r\000e\000s\000s\000z\000i\000\363}{subsection.5.2}% 18
\BOOKMARK [3][-]{subsubsection.5.2.2}{\376\377\000N\000a\000i\000v\000e\000\040\000B\000a\000y\000e\000s}{subsection.5.2}% 19
\BOOKMARK [3][-]{subsubsection.5.2.3}{\376\377\000G\000r\000a\000d\000i\000e\000n\000t\000\040\000T\000r\000e\000e\000\040\000B\000o\000o\000s\000t\000i\000n\000g}{subsection.5.2}% 20
\BOOKMARK [3][-]{subsubsection.5.2.4}{\376\377\000L\000o\000g\000i\000s\000z\000t\000i\000k\000u\000s\000\040\000r\000e\000g\000r\000e\000s\000s\000z\000i\000\363}{subsection.5.2}% 21
\BOOKMARK [3][-]{subsubsection.5.2.5}{\376\377\000S\000V\000M}{subsection.5.2}% 22
\BOOKMARK [1][-]{section.6}{\376\377\000M\000o\000d\000e\000l\000l\000e\000k\000\040\000k\000i\000\351\000r\000t\000\351\000k\000e\000l\000\351\000s\000e}{}% 23
\BOOKMARK [1][-]{section.7}{\376\377\000D\000i\000s\000z\000k\000u\000s\000s\000z\000i\000\363\000,\000\040\000k\000\366\000v\000e\000t\000k\000e\000z\000t\000e\000t\000\351\000s\000e\000k}{}% 24
\BOOKMARK [1][-]{section.8}{\376\377\000\326\000s\000s\000z\000e\000f\000o\000g\000l\000a\000l\000\341\000s}{}% 25
